d:\working\againminecraftproject\againminecraftproject\x64\debug\vc143.pdb
d:\working\againminecraftproject\againminecraftproject\x64\debug\vc143.idb
d:\working\againminecraftproject\againminecraftproject\x64\debug\chunk.obj
d:\working\againminecraftproject\againminecraftproject\x64\debug\window.obj
d:\working\againminecraftproject\againminecraftproject\x64\debug\texture.obj
d:\working\againminecraftproject\againminecraftproject\x64\debug\shader.obj
d:\working\againminecraftproject\againminecraftproject\x64\debug\mesh.obj
d:\working\againminecraftproject\againminecraftproject\x64\debug\block_renderer.obj
d:\working\againminecraftproject\againminecraftproject\x64\debug\camera.obj
d:\working\againminecraftproject\againminecraftproject\x64\debug\app.obj
d:\working\againminecraftproject\againminecraftproject\x64\debug\main.obj
d:\working\againminecraftproject\againminecraftproject\x64\debug\glad.obj
d:\working\againminecraftproject\x64\debug\againminecraftproject.pdb
d:\working\againminecraftproject\againminecraftproject\x64\debug\againmin.226939ef.tlog\cl.command.1.tlog
d:\working\againminecraftproject\againminecraftproject\x64\debug\againmin.226939ef.tlog\cl.read.1.tlog
d:\working\againminecraftproject\againminecraftproject\x64\debug\againmin.226939ef.tlog\cl.write.1.tlog
d:\working\againminecraftproject\againminecraftproject\x64\debug\againmin.226939ef.tlog\link-cvtres.read.1.tlog
d:\working\againminecraftproject\againminecraftproject\x64\debug\againmin.226939ef.tlog\link-cvtres.write.1.tlog
d:\working\againminecraftproject\againminecraftproject\x64\debug\againmin.226939ef.tlog\link-rc.read.1.tlog
d:\working\againminecraftproject\againminecraftproject\x64\debug\againmin.226939ef.tlog\link-rc.write.1.tlog
d:\working\againminecraftproject\againminecraftproject\x64\debug\againmin.226939ef.tlog\link.2428-cvtres.read.1.tlog
d:\working\againminecraftproject\againminecraftproject\x64\debug\againmin.226939ef.tlog\link.2428-cvtres.write.1.tlog
d:\working\againminecraftproject\againminecraftproject\x64\debug\againmin.226939ef.tlog\link.2428-rc.read.1.tlog
d:\working\againminecraftproject\againminecraftproject\x64\debug\againmin.226939ef.tlog\link.2428-rc.write.1.tlog
d:\working\againminecraftproject\againminecraftproject\x64\debug\againmin.226939ef.tlog\link.2428.read.1.tlog
d:\working\againminecraftproject\againminecraftproject\x64\debug\againmin.226939ef.tlog\link.2428.read.2.tlog
d:\working\againminecraftproject\againminecraftproject\x64\debug\againmin.226939ef.tlog\link.2428.write.1.tlog
d:\working\againminecraftproject\againminecraftproject\x64\debug\againmin.226939ef.tlog\link.command.1.tlog
d:\working\againminecraftproject\againminecraftproject\x64\debug\againmin.226939ef.tlog\link.read.1.tlog
d:\working\againminecraftproject\againminecraftproject\x64\debug\againmin.226939ef.tlog\link.read.2.tlog
d:\working\againminecraftproject\againminecraftproject\x64\debug\againmin.226939ef.tlog\link.write.1.tlog
