  noise.cpp
D:\Working\AgainMinecraftProject\AgainMinecraftProject\src\engine\noise\noise.cpp(178,25): warning C4018: '<': signed/unsigned mismatch
D:\Working\AgainMinecraftProject\AgainMinecraftProject\src\engine\noise\noise.cpp(198,25): warning C4018: '<': signed/unsigned mismatch
D:\Working\AgainMinecraftProject\AgainMinecraftProject\src\engine\noise\noise.cpp(223,25): warning C4018: '<': signed/unsigned mismatch
D:\Working\AgainMinecraftProject\AgainMinecraftProject\src\engine\noise\noise.cpp(226,16): warning C4244: '=': conversion from 'float' to 'int32_t', possible loss of data
D:\Working\AgainMinecraftProject\AgainMinecraftProject\src\engine\noise\noise.cpp(234,17): warning C4244: 'return': conversion from 'double' to 'float', possible loss of data
D:\Working\AgainMinecraftProject\AgainMinecraftProject\src\engine\noise\noise.cpp(248,25): warning C4018: '<': signed/unsigned mismatch
D:\Working\AgainMinecraftProject\AgainMinecraftProject\src\engine\noise\noise.cpp(250,22): warning C4244: '+=': conversion from 'double' to 'float', possible loss of data
  main.cpp
  app.cpp
D:\Working\AgainMinecraftProject\AgainMinecraftProject\src\app\app.cpp(76,20): warning C4244: '=': conversion from 'float' to 'uint32_t', possible loss of data
D:\Working\AgainMinecraftProject\AgainMinecraftProject\src\app\app.cpp(345,27): warning C4244: '=': conversion from 'const double' to 'float', possible loss of data
D:\Working\AgainMinecraftProject\AgainMinecraftProject\src\app\app.cpp(346,27): warning C4244: '=': conversion from 'const double' to 'float', possible loss of data
D:\Working\AgainMinecraftProject\AgainMinecraftProject\src\app\app.cpp(350,16): warning C4244: 'initializing': conversion from 'double' to 'float', possible loss of data
D:\Working\AgainMinecraftProject\AgainMinecraftProject\src\app\app.cpp(351,16): warning C4244: 'initializing': conversion from 'double' to 'float', possible loss of data
D:\Working\AgainMinecraftProject\AgainMinecraftProject\src\app\app.cpp(352,26): warning C4244: '=': conversion from 'const double' to 'float', possible loss of data
D:\Working\AgainMinecraftProject\AgainMinecraftProject\src\app\app.cpp(353,26): warning C4244: '=': conversion from 'const double' to 'float', possible loss of data
  camera.cpp
  block_renderer.cpp
  mesh.cpp
D:\Working\AgainMinecraftProject\AgainMinecraftProject\src\engine\renderer\mesh.cpp(25,53): warning C4267: 'argument': conversion from 'size_t' to 'GLsizei', possible loss of data
  shader.cpp
D:\Working\AgainMinecraftProject\AgainMinecraftProject\src\engine\shader\shader.cpp(86,31): warning C4267: 'argument': conversion from 'size_t' to 'GLuint', possible loss of data
D:\Working\AgainMinecraftProject\AgainMinecraftProject\src\engine\shader\shader.cpp(87,31): warning C4267: 'argument': conversion from 'size_t' to 'GLuint', possible loss of data
D:\Working\AgainMinecraftProject\AgainMinecraftProject\src\engine\shader\shader.cpp(88,25): warning C4267: 'argument': conversion from 'size_t' to 'GLuint', possible loss of data
D:\Working\AgainMinecraftProject\AgainMinecraftProject\src\engine\shader\shader.cpp(89,51): warning C4267: 'argument': conversion from 'size_t' to 'GLuint', possible loss of data
D:\Working\AgainMinecraftProject\AgainMinecraftProject\src\engine\shader\shader.cpp(103,24): warning C4267: 'argument': conversion from 'size_t' to 'GLuint', possible loss of data
D:\Working\AgainMinecraftProject\AgainMinecraftProject\src\engine\shader\shader.cpp(109,53): warning C4267: 'argument': conversion from 'size_t' to 'GLuint', possible loss of data
D:\Working\AgainMinecraftProject\AgainMinecraftProject\src\engine\shader\shader.cpp(115,54): warning C4267: 'argument': conversion from 'size_t' to 'GLuint', possible loss of data
D:\Working\AgainMinecraftProject\AgainMinecraftProject\src\engine\shader\shader.cpp(121,60): warning C4267: 'argument': conversion from 'size_t' to 'GLuint', possible loss of data
D:\Working\AgainMinecraftProject\AgainMinecraftProject\src\engine\shader\shader.cpp(127,53): warning C4267: 'argument': conversion from 'size_t' to 'GLuint', possible loss of data
  texture.cpp
D:\Working\AgainMinecraftProject\AgainMinecraftProject\src\engine\texture\texture.cpp(49,71): warning C4267: 'argument': conversion from 'size_t' to 'GLsizei', possible loss of data
  window.cpp
D:\Working\AgainMinecraftProject\AgainMinecraftProject\src\engine\window\window.cpp(17,78): warning C4267: 'argument': conversion from 'size_t' to 'int', possible loss of data
D:\Working\AgainMinecraftProject\AgainMinecraftProject\src\engine\window\window.cpp(26,32): warning C4267: 'argument': conversion from 'size_t' to 'GLsizei', possible loss of data
  chunk.cpp
D:\Working\AgainMinecraftProject\AgainMinecraftProject\src\modules\chunk\chunk.cpp(202,21): warning C4244: '=': conversion from 'float' to '_Ty', possible loss of data
          with
          [
              _Ty=uint32_t
          ]
D:\Working\AgainMinecraftProject\AgainMinecraftProject\src\modules\chunk\chunk.cpp(214,88): warning C4244: 'argument': conversion from '_Ty' to 'float', possible loss of data
          with
          [
              _Ty=uint32_t
          ]
D:\Working\AgainMinecraftProject\AgainMinecraftProject\src\modules\chunk\chunk.cpp(301,26): warning C4018: '<': signed/unsigned mismatch
D:\Working\AgainMinecraftProject\AgainMinecraftProject\src\modules\chunk\chunk.cpp(303,27): warning C4018: '<': signed/unsigned mismatch
D:\Working\AgainMinecraftProject\AgainMinecraftProject\src\modules\chunk\chunk.cpp(333,26): warning C4018: '<': signed/unsigned mismatch
D:\Working\AgainMinecraftProject\AgainMinecraftProject\src\modules\chunk\chunk.cpp(335,27): warning C4018: '<': signed/unsigned mismatch
  world.cpp
D:\Working\AgainMinecraftProject\AgainMinecraftProject\src\modules\world\world.cpp(36,17): warning C4244: 'initializing': conversion from 'const T' to 'int32_t', possible loss of data
          with
          [
              T=float
          ]
D:\Working\AgainMinecraftProject\AgainMinecraftProject\src\modules\world\world.cpp(38,18): warning C4244: 'initializing': conversion from 'const T' to 'int32_t', possible loss of data
          with
          [
              T=float
          ]
D:\Working\AgainMinecraftProject\AgainMinecraftProject\src\modules\world\world.cpp(62,47): warning C4244: 'initializing': conversion from 'int' to 'float', possible loss of data
D:\Working\AgainMinecraftProject\AgainMinecraftProject\src\modules\world\world.cpp(62,19): warning C4244: 'initializing': conversion from 'int' to 'const float', possible loss of data
D:\Working\AgainMinecraftProject\AgainMinecraftProject\src\modules\world\world.cpp(62,47): warning C4244: '+=': conversion from 'float' to 'int32_t', possible loss of data
D:\Working\AgainMinecraftProject\AgainMinecraftProject\src\modules\world\world.cpp(182,25): warning C4018: '<': signed/unsigned mismatch
D:\Working\AgainMinecraftProject\AgainMinecraftProject\src\modules\world\world.cpp(184,26): warning C4018: '<': signed/unsigned mismatch
D:\Working\AgainMinecraftProject\AgainMinecraftProject\src\modules\world\world.cpp(186,27): warning C4018: '<': signed/unsigned mismatch
D:\Working\AgainMinecraftProject\AgainMinecraftProject\src\modules\world\world.cpp(196,20): warning C4244: 'initializing': conversion from 'T' to 'uint32_t', possible loss of data
          with
          [
              T=float
          ]
D:\Working\AgainMinecraftProject\AgainMinecraftProject\src\modules\world\world.cpp(197,22): warning C4244: 'initializing': conversion from 'T' to 'uint32_t', possible loss of data
          with
          [
              T=float
          ]
D:\Working\AgainMinecraftProject\AgainMinecraftProject\src\modules\world\world.cpp(198,22): warning C4244: 'initializing': conversion from 'T' to 'uint32_t', possible loss of data
          with
          [
              T=float
          ]
D:\Working\AgainMinecraftProject\AgainMinecraftProject\src\modules\world\world.cpp(533,8): warning C4101: 'dxExit': unreferenced local variable
D:\Working\AgainMinecraftProject\AgainMinecraftProject\src\modules\world\world.cpp(532,26): warning C4101: 'dyEntry': unreferenced local variable
D:\Working\AgainMinecraftProject\AgainMinecraftProject\src\modules\world\world.cpp(532,8): warning C4101: 'dxEntry': unreferenced local variable
D:\Working\AgainMinecraftProject\AgainMinecraftProject\src\modules\world\world.cpp(533,16): warning C4101: 'dzExit': unreferenced local variable
D:\Working\AgainMinecraftProject\AgainMinecraftProject\src\modules\world\world.cpp(532,17): warning C4101: 'dzEntry': unreferenced local variable
D:\Working\AgainMinecraftProject\AgainMinecraftProject\src\modules\world\world.cpp(533,24): warning C4101: 'dyExit': unreferenced local variable
D:\Working\AgainMinecraftProject\AgainMinecraftProject\src\modules\world\world.cpp(673,10): warning C4244: 'initializing': conversion from 'int' to 'float', possible loss of data
D:\Working\AgainMinecraftProject\AgainMinecraftProject\src\modules\world\world.cpp(674,10): warning C4244: 'initializing': conversion from 'int' to 'float', possible loss of data
D:\Working\AgainMinecraftProject\AgainMinecraftProject\src\modules\world\world.cpp(675,10): warning C4244: 'initializing': conversion from 'int' to 'float', possible loss of data
  Running Code Analysis for C/C++...
  Generating Code...
D:\Working\AgainMinecraftProject\AgainMinecraftProject\src\modules\chunk\chunk.cpp(250): warning C4715: 'getFaceId': not all control paths return a value
D:\Working\AgainMinecraftProject\AgainMinecraftProject\src\engine\texture\texture.cpp(80): warning C4715: 'Engine::initTextureArray': not all control paths return a value
  glad.c
LINK : warning LNK4098: defaultlib 'MSVCRT' conflicts with use of other libs; use /NODEFAULTLIB:library
  AgainMinecraftProject.vcxproj -> D:\Working\AgainMinecraftProject\x64\Debug\AgainMinecraftProject.exe
D:\Working\AgainMinecraftProject\AgainMinecraftProject\src\modules\world\world.h(33): warning C26451: Arithmetic overflow: Using operator '+' on a 4 byte value and then casting the result to a 8 byte value. Cast the value to the wider type before calling operator '+' to avoid overflow (io.2).
D:\Working\AgainMinecraftProject\AgainMinecraftProject\src\modules\world\world.h(34): warning C26451: Arithmetic overflow: Using operator '+' on a 4 byte value and then casting the result to a 8 byte value. Cast the value to the wider type before calling operator '+' to avoid overflow (io.2).
D:\Working\AgainMinecraftProject\AgainMinecraftProject\src\modules\world\world.h(35): warning C26451: Arithmetic overflow: Using operator '+' on a 4 byte value and then casting the result to a 8 byte value. Cast the value to the wider type before calling operator '+' to avoid overflow (io.2).
D:\Working\AgainMinecraftProject\AgainMinecraftProject\src\modules\world\world.h(49): warning C26495: Variable 'GameModule::World::updateRadius' is uninitialized. Always initialize a member variable (type.6).
D:\Working\AgainMinecraftProject\AgainMinecraftProject\vendor\stb\stb_image.h(1049): warning C26451: Arithmetic overflow: Using operator '+' on a 4 byte value and then casting the result to a 8 byte value. Cast the value to the wider type before calling operator '+' to avoid overflow (io.2).
D:\Working\AgainMinecraftProject\AgainMinecraftProject\vendor\stb\stb_image.h(1049): warning C26451: Arithmetic overflow: Using operator '*' on a 4 byte value and then casting the result to a 8 byte value. Cast the value to the wider type before calling operator '*' to avoid overflow (io.2).
D:\Working\AgainMinecraftProject\AgainMinecraftProject\vendor\stb\stb_image.h(1056): warning C26451: Arithmetic overflow: Using operator '+' on a 4 byte value and then casting the result to a 8 byte value. Cast the value to the wider type before calling operator '+' to avoid overflow (io.2).
D:\Working\AgainMinecraftProject\AgainMinecraftProject\vendor\stb\stb_image.h(1056): warning C26451: Arithmetic overflow: Using operator '*' on a 4 byte value and then casting the result to a 8 byte value. Cast the value to the wider type before calling operator '*' to avoid overflow (io.2).
D:\Working\AgainMinecraftProject\AgainMinecraftProject\vendor\stb\stb_image.h(1056): warning C26451: Arithmetic overflow: Using operator '*' on a 4 byte value and then casting the result to a 8 byte value. Cast the value to the wider type before calling operator '*' to avoid overflow (io.2).
D:\Working\AgainMinecraftProject\AgainMinecraftProject\vendor\stb\stb_image.h(1063): warning C26451: Arithmetic overflow: Using operator '+' on a 4 byte value and then casting the result to a 8 byte value. Cast the value to the wider type before calling operator '+' to avoid overflow (io.2).
D:\Working\AgainMinecraftProject\AgainMinecraftProject\vendor\stb\stb_image.h(1063): warning C26451: Arithmetic overflow: Using operator '*' on a 4 byte value and then casting the result to a 8 byte value. Cast the value to the wider type before calling operator '*' to avoid overflow (io.2).
D:\Working\AgainMinecraftProject\AgainMinecraftProject\vendor\stb\stb_image.h(1063): warning C26451: Arithmetic overflow: Using operator '*' on a 4 byte value and then casting the result to a 8 byte value. Cast the value to the wider type before calling operator '*' to avoid overflow (io.2).
D:\Working\AgainMinecraftProject\AgainMinecraftProject\vendor\stb\stb_image.h(1063): warning C26451: Arithmetic overflow: Using operator '*' on a 4 byte value and then casting the result to a 8 byte value. Cast the value to the wider type before calling operator '*' to avoid overflow (io.2).
D:\Working\AgainMinecraftProject\AgainMinecraftProject\vendor\stb\stb_image.h(1210): warning C26451: Arithmetic overflow: Using operator '*' on a 4 byte value and then casting the result to a 8 byte value. Cast the value to the wider type before calling operator '*' to avoid overflow (io.2).
D:\Working\AgainMinecraftProject\AgainMinecraftProject\vendor\stb\stb_image.h(1229): warning C26451: Arithmetic overflow: Using operator '-' on a 4 byte value and then casting the result to a 8 byte value. Cast the value to the wider type before calling operator '-' to avoid overflow (io.2).
D:\Working\AgainMinecraftProject\AgainMinecraftProject\vendor\stb\stb_image.h(1229): warning C26451: Arithmetic overflow: Using operator '-' on a 4 byte value and then casting the result to a 8 byte value. Cast the value to the wider type before calling operator '-' to avoid overflow (io.2).
D:\Working\AgainMinecraftProject\AgainMinecraftProject\vendor\stb\stb_image.h(1768): warning C26451: Arithmetic overflow: Using operator '*' on a 4 byte value and then casting the result to a 8 byte value. Cast the value to the wider type before calling operator '*' to avoid overflow (io.2).
D:\Working\AgainMinecraftProject\AgainMinecraftProject\vendor\stb\stb_image.h(1768): warning C26451: Arithmetic overflow: Using operator '*' on a 4 byte value and then casting the result to a 8 byte value. Cast the value to the wider type before calling operator '*' to avoid overflow (io.2).
D:\Working\AgainMinecraftProject\AgainMinecraftProject\vendor\stb\stb_image.h(1769): warning C26451: Arithmetic overflow: Using operator '*' on a 4 byte value and then casting the result to a 8 byte value. Cast the value to the wider type before calling operator '*' to avoid overflow (io.2).
D:\Working\AgainMinecraftProject\AgainMinecraftProject\vendor\stb\stb_image.h(1769): warning C26451: Arithmetic overflow: Using operator '*' on a 4 byte value and then casting the result to a 8 byte value. Cast the value to the wider type before calling operator '*' to avoid overflow (io.2).
D:\Working\AgainMinecraftProject\AgainMinecraftProject\vendor\stb\stb_image.h(1818): warning C26451: Arithmetic overflow: Using operator '*' on a 4 byte value and then casting the result to a 8 byte value. Cast the value to the wider type before calling operator '*' to avoid overflow (io.2).
D:\Working\AgainMinecraftProject\AgainMinecraftProject\vendor\stb\stb_image.h(1818): warning C26451: Arithmetic overflow: Using operator '*' on a 4 byte value and then casting the result to a 8 byte value. Cast the value to the wider type before calling operator '*' to avoid overflow (io.2).
D:\Working\AgainMinecraftProject\AgainMinecraftProject\vendor\stb\stb_image.h(1818): warning C26451: Arithmetic overflow: Using operator '*' on a 4 byte value and then casting the result to a 8 byte value. Cast the value to the wider type before calling operator '*' to avoid overflow (io.2).
D:\Working\AgainMinecraftProject\AgainMinecraftProject\vendor\stb\stb_image.h(1825): warning C26451: Arithmetic overflow: Using operator '*' on a 4 byte value and then casting the result to a 8 byte value. Cast the value to the wider type before calling operator '*' to avoid overflow (io.2).
D:\Working\AgainMinecraftProject\AgainMinecraftProject\vendor\stb\stb_image.h(1825): warning C26451: Arithmetic overflow: Using operator '*' on a 4 byte value and then casting the result to a 8 byte value. Cast the value to the wider type before calling operator '*' to avoid overflow (io.2).
D:\Working\AgainMinecraftProject\AgainMinecraftProject\vendor\stb\stb_image.h(1826): warning C26451: Arithmetic overflow: Using operator '*' on a 4 byte value and then casting the result to a 8 byte value. Cast the value to the wider type before calling operator '*' to avoid overflow (io.2).
D:\Working\AgainMinecraftProject\AgainMinecraftProject\vendor\stb\stb_image.h(1826): warning C26451: Arithmetic overflow: Using operator '*' on a 4 byte value and then casting the result to a 8 byte value. Cast the value to the wider type before calling operator '*' to avoid overflow (io.2).
D:\Working\AgainMinecraftProject\AgainMinecraftProject\vendor\stb\stb_image.h(3020): warning C26451: Arithmetic overflow: Using operator '*' on a 4 byte value and then casting the result to a 8 byte value. Cast the value to the wider type before calling operator '*' to avoid overflow (io.2).
D:\Working\AgainMinecraftProject\AgainMinecraftProject\vendor\stb\stb_image.h(3051): warning C26451: Arithmetic overflow: Using operator '*' on a 4 byte value and then casting the result to a 8 byte value. Cast the value to the wider type before calling operator '*' to avoid overflow (io.2).
D:\Working\AgainMinecraftProject\AgainMinecraftProject\vendor\stb\stb_image.h(2965): warning C26451: Arithmetic overflow: Using operator '*' on a 4 byte value and then casting the result to a 8 byte value. Cast the value to the wider type before calling operator '*' to avoid overflow (io.2).
D:\Working\AgainMinecraftProject\AgainMinecraftProject\vendor\stb\stb_image.h(2965): warning C26451: Arithmetic overflow: Using operator '*' on a 4 byte value and then casting the result to a 8 byte value. Cast the value to the wider type before calling operator '*' to avoid overflow (io.2).
D:\Working\AgainMinecraftProject\AgainMinecraftProject\vendor\stb\stb_image.h(2965): warning C26451: Arithmetic overflow: Using operator '*' on a 4 byte value and then casting the result to a 8 byte value. Cast the value to the wider type before calling operator '*' to avoid overflow (io.2).
D:\Working\AgainMinecraftProject\AgainMinecraftProject\vendor\stb\stb_image.h(2993): warning C26451: Arithmetic overflow: Using operator '*' on a 4 byte value and then casting the result to a 8 byte value. Cast the value to the wider type before calling operator '*' to avoid overflow (io.2).
D:\Working\AgainMinecraftProject\AgainMinecraftProject\vendor\stb\stb_image.h(3088): warning C26451: Arithmetic overflow: Using operator '*' on a 4 byte value and then casting the result to a 8 byte value. Cast the value to the wider type before calling operator '*' to avoid overflow (io.2).
D:\Working\AgainMinecraftProject\AgainMinecraftProject\vendor\stb\stb_image.h(3090): warning C26451: Arithmetic overflow: Using operator '*' on a 4 byte value and then casting the result to a 8 byte value. Cast the value to the wider type before calling operator '*' to avoid overflow (io.2).
D:\Working\AgainMinecraftProject\AgainMinecraftProject\vendor\stb\stb_image.h(3090): warning C26451: Arithmetic overflow: Using operator '*' on a 4 byte value and then casting the result to a 8 byte value. Cast the value to the wider type before calling operator '*' to avoid overflow (io.2).
D:\Working\AgainMinecraftProject\AgainMinecraftProject\vendor\stb\stb_image.h(3090): warning C26451: Arithmetic overflow: Using operator '*' on a 4 byte value and then casting the result to a 8 byte value. Cast the value to the wider type before calling operator '*' to avoid overflow (io.2).
D:\Working\AgainMinecraftProject\AgainMinecraftProject\vendor\stb\stb_image.h(3585): warning C26451: Arithmetic overflow: Using operator '*' on a 4 byte value and then casting the result to a 8 byte value. Cast the value to the wider type before calling operator '*' to avoid overflow (io.2).
D:\Working\AgainMinecraftProject\AgainMinecraftProject\vendor\stb\stb_image.h(3902): warning C26451: Arithmetic overflow: Using operator '+' on a 4 byte value and then casting the result to a 8 byte value. Cast the value to the wider type before calling operator '+' to avoid overflow (io.2).
D:\Working\AgainMinecraftProject\AgainMinecraftProject\vendor\stb\stb_image.h(3925): warning C26451: Arithmetic overflow: Using operator '*' on a 4 byte value and then casting the result to a 8 byte value. Cast the value to the wider type before calling operator '*' to avoid overflow (io.2).
D:\Working\AgainMinecraftProject\AgainMinecraftProject\vendor\stb\stb_image.h(3925): warning C26451: Arithmetic overflow: Using operator '*' on a 4 byte value and then casting the result to a 8 byte value. Cast the value to the wider type before calling operator '*' to avoid overflow (io.2).
D:\Working\AgainMinecraftProject\AgainMinecraftProject\vendor\stb\stb_image.h(4677): warning C26451: Arithmetic overflow: Using operator '*' on a 4 byte value and then casting the result to a 8 byte value. Cast the value to the wider type before calling operator '*' to avoid overflow (io.2).
D:\Working\AgainMinecraftProject\AgainMinecraftProject\vendor\stb\stb_image.h(4686): warning C26451: Arithmetic overflow: Using operator '*' on a 4 byte value and then casting the result to a 8 byte value. Cast the value to the wider type before calling operator '*' to avoid overflow (io.2).
D:\Working\AgainMinecraftProject\AgainMinecraftProject\vendor\stb\stb_image.h(4766): warning C26451: Arithmetic overflow: Using operator '*' on a 4 byte value and then casting the result to a 8 byte value. Cast the value to the wider type before calling operator '*' to avoid overflow (io.2).
D:\Working\AgainMinecraftProject\AgainMinecraftProject\vendor\stb\stb_image.h(4779): warning C26451: Arithmetic overflow: Using operator '*' on a 4 byte value and then casting the result to a 8 byte value. Cast the value to the wider type before calling operator '*' to avoid overflow (io.2).
D:\Working\AgainMinecraftProject\AgainMinecraftProject\vendor\stb\stb_image.h(4780): warning C26451: Arithmetic overflow: Using operator '*' on a 4 byte value and then casting the result to a 8 byte value. Cast the value to the wider type before calling operator '*' to avoid overflow (io.2).
D:\Working\AgainMinecraftProject\AgainMinecraftProject\vendor\stb\stb_image.h(4780): warning C26451: Arithmetic overflow: Using operator '*' on a 4 byte value and then casting the result to a 8 byte value. Cast the value to the wider type before calling operator '*' to avoid overflow (io.2).
D:\Working\AgainMinecraftProject\AgainMinecraftProject\vendor\stb\stb_image.h(4829): warning C26451: Arithmetic overflow: Using operator '*' on a 4 byte value and then casting the result to a 8 byte value. Cast the value to the wider type before calling operator '*' to avoid overflow (io.2).
D:\Working\AgainMinecraftProject\AgainMinecraftProject\vendor\stb\stb_image.h(4893): warning C26451: Arithmetic overflow: Using operator '*' on a 4 byte value and then casting the result to a 8 byte value. Cast the value to the wider type before calling operator '*' to avoid overflow (io.2).
D:\Working\AgainMinecraftProject\AgainMinecraftProject\vendor\stb\stb_image.h(4893): warning C26451: Arithmetic overflow: Using operator '*' on a 4 byte value and then casting the result to a 8 byte value. Cast the value to the wider type before calling operator '*' to avoid overflow (io.2).
D:\Working\AgainMinecraftProject\AgainMinecraftProject\vendor\stb\stb_image.h(4893): warning C26451: Arithmetic overflow: Using operator '*' on a 4 byte value and then casting the result to a 8 byte value. Cast the value to the wider type before calling operator '*' to avoid overflow (io.2).
D:\Working\AgainMinecraftProject\AgainMinecraftProject\vendor\stb\stb_image.h(4894): warning C26451: Arithmetic overflow: Using operator '*' on a 4 byte value and then casting the result to a 8 byte value. Cast the value to the wider type before calling operator '*' to avoid overflow (io.2).
D:\Working\AgainMinecraftProject\AgainMinecraftProject\vendor\stb\stb_image.h(4894): warning C26451: Arithmetic overflow: Using operator '+' on a 4 byte value and then casting the result to a 8 byte value. Cast the value to the wider type before calling operator '+' to avoid overflow (io.2).
D:\Working\AgainMinecraftProject\AgainMinecraftProject\vendor\stb\stb_image.h(4894): warning C26451: Arithmetic overflow: Using operator '*' on a 4 byte value and then casting the result to a 8 byte value. Cast the value to the wider type before calling operator '*' to avoid overflow (io.2).
D:\Working\AgainMinecraftProject\AgainMinecraftProject\vendor\stb\stb_image.h(5714): warning C26451: Arithmetic overflow: Using operator '*' on a 4 byte value and then casting the result to a 8 byte value. Cast the value to the wider type before calling operator '*' to avoid overflow (io.2).
D:\Working\AgainMinecraftProject\AgainMinecraftProject\vendor\stb\stb_image.h(5714): warning C26451: Arithmetic overflow: Using operator '*' on a 4 byte value and then casting the result to a 8 byte value. Cast the value to the wider type before calling operator '*' to avoid overflow (io.2).
D:\Working\AgainMinecraftProject\AgainMinecraftProject\vendor\stb\stb_image.h(5715): warning C26451: Arithmetic overflow: Using operator '*' on a 4 byte value and then casting the result to a 8 byte value. Cast the value to the wider type before calling operator '*' to avoid overflow (io.2).
D:\Working\AgainMinecraftProject\AgainMinecraftProject\vendor\stb\stb_image.h(5715): warning C26451: Arithmetic overflow: Using operator '*' on a 4 byte value and then casting the result to a 8 byte value. Cast the value to the wider type before calling operator '*' to avoid overflow (io.2).
D:\Working\AgainMinecraftProject\AgainMinecraftProject\vendor\stb\stb_image.h(5715): warning C26451: Arithmetic overflow: Using operator '-' on a 4 byte value and then casting the result to a 8 byte value. Cast the value to the wider type before calling operator '-' to avoid overflow (io.2).
D:\Working\AgainMinecraftProject\AgainMinecraftProject\vendor\stb\stb_image.h(5935): warning C26451: Arithmetic overflow: Using operator '*' on a 4 byte value and then casting the result to a 8 byte value. Cast the value to the wider type before calling operator '*' to avoid overflow (io.2).
D:\Working\AgainMinecraftProject\AgainMinecraftProject\vendor\stb\stb_image.h(5935): warning C26451: Arithmetic overflow: Using operator '*' on a 4 byte value and then casting the result to a 8 byte value. Cast the value to the wider type before calling operator '*' to avoid overflow (io.2).
D:\Working\AgainMinecraftProject\AgainMinecraftProject\vendor\stb\stb_image.h(6203): warning C26451: Arithmetic overflow: Using operator '*' on a 4 byte value and then casting the result to a 8 byte value. Cast the value to the wider type before calling operator '*' to avoid overflow (io.2).
D:\Working\AgainMinecraftProject\AgainMinecraftProject\vendor\stb\stb_image.h(6203): warning C26451: Arithmetic overflow: Using operator '*' on a 4 byte value and then casting the result to a 8 byte value. Cast the value to the wider type before calling operator '*' to avoid overflow (io.2).
D:\Working\AgainMinecraftProject\AgainMinecraftProject\vendor\stb\stb_image.h(6285): warning C26451: Arithmetic overflow: Using operator '*' on a 4 byte value and then casting the result to a 8 byte value. Cast the value to the wider type before calling operator '*' to avoid overflow (io.2).
D:\Working\AgainMinecraftProject\AgainMinecraftProject\vendor\stb\stb_image.h(6297): warning C26451: Arithmetic overflow: Using operator '*' on a 4 byte value and then casting the result to a 8 byte value. Cast the value to the wider type before calling operator '*' to avoid overflow (io.2).
D:\Working\AgainMinecraftProject\AgainMinecraftProject\vendor\stb\stb_image.h(6422): warning C26451: Arithmetic overflow: Using operator '*' on a 4 byte value and then casting the result to a 8 byte value. Cast the value to the wider type before calling operator '*' to avoid overflow (io.2).
D:\Working\AgainMinecraftProject\AgainMinecraftProject\vendor\stb\stb_image.h(6422): warning C26451: Arithmetic overflow: Using operator '*' on a 4 byte value and then casting the result to a 8 byte value. Cast the value to the wider type before calling operator '*' to avoid overflow (io.2).
D:\Working\AgainMinecraftProject\AgainMinecraftProject\vendor\stb\stb_image.h(6526): warning C26451: Arithmetic overflow: Using operator '*' on a 4 byte value and then casting the result to a 8 byte value. Cast the value to the wider type before calling operator '*' to avoid overflow (io.2).
D:\Working\AgainMinecraftProject\AgainMinecraftProject\vendor\stb\stb_image.h(6526): warning C26451: Arithmetic overflow: Using operator '*' on a 4 byte value and then casting the result to a 8 byte value. Cast the value to the wider type before calling operator '*' to avoid overflow (io.2).
D:\Working\AgainMinecraftProject\AgainMinecraftProject\vendor\stb\stb_image.h(6792): warning C26451: Arithmetic overflow: Using operator '*' on a 4 byte value and then casting the result to a 8 byte value. Cast the value to the wider type before calling operator '*' to avoid overflow (io.2).
D:\Working\AgainMinecraftProject\AgainMinecraftProject\vendor\stb\stb_image.h(6793): warning C26451: Arithmetic overflow: Using operator '*' on a 4 byte value and then casting the result to a 8 byte value. Cast the value to the wider type before calling operator '*' to avoid overflow (io.2).
D:\Working\AgainMinecraftProject\AgainMinecraftProject\vendor\stb\stb_image.h(6801): warning C26451: Arithmetic overflow: Using operator '*' on a 4 byte value and then casting the result to a 8 byte value. Cast the value to the wider type before calling operator '*' to avoid overflow (io.2).
D:\Working\AgainMinecraftProject\AgainMinecraftProject\vendor\stb\stb_image.h(6802): warning C26451: Arithmetic overflow: Using operator '*' on a 4 byte value and then casting the result to a 8 byte value. Cast the value to the wider type before calling operator '*' to avoid overflow (io.2).
D:\Working\AgainMinecraftProject\AgainMinecraftProject\vendor\stb\stb_image.h(6835): warning C26451: Arithmetic overflow: Using operator '*' on a 4 byte value and then casting the result to a 8 byte value. Cast the value to the wider type before calling operator '*' to avoid overflow (io.2).
D:\Working\AgainMinecraftProject\AgainMinecraftProject\vendor\stb\stb_image.h(6835): warning C26451: Arithmetic overflow: Using operator '*' on a 4 byte value and then casting the result to a 8 byte value. Cast the value to the wider type before calling operator '*' to avoid overflow (io.2).
D:\Working\AgainMinecraftProject\AgainMinecraftProject\vendor\stb\stb_image.h(6839): warning C26451: Arithmetic overflow: Using operator '*' on a 4 byte value and then casting the result to a 8 byte value. Cast the value to the wider type before calling operator '*' to avoid overflow (io.2).
D:\Working\AgainMinecraftProject\AgainMinecraftProject\vendor\stb\stb_image.h(6962): warning C6262: Function uses '35036' bytes of stack.  Consider moving some data to heap.
D:\Working\AgainMinecraftProject\AgainMinecraftProject\vendor\stb\stb_image.h(6993): warning C26451: Arithmetic overflow: Using operator '*' on a 4 byte value and then casting the result to a 8 byte value. Cast the value to the wider type before calling operator '*' to avoid overflow (io.2).
D:\Working\AgainMinecraftProject\AgainMinecraftProject\vendor\stb\stb_image.h(7009): warning C26451: Arithmetic overflow: Using operator '*' on a 4 byte value and then casting the result to a 8 byte value. Cast the value to the wider type before calling operator '*' to avoid overflow (io.2).
D:\Working\AgainMinecraftProject\AgainMinecraftProject\vendor\stb\stb_image.h(7020): warning C26451: Arithmetic overflow: Using operator '*' on a 4 byte value and then casting the result to a 8 byte value. Cast the value to the wider type before calling operator '*' to avoid overflow (io.2).
D:\Working\AgainMinecraftProject\AgainMinecraftProject\vendor\stb\stb_image.h(7020): warning C26451: Arithmetic overflow: Using operator '-' on a 4 byte value and then casting the result to a 8 byte value. Cast the value to the wider type before calling operator '-' to avoid overflow (io.2).
D:\Working\AgainMinecraftProject\AgainMinecraftProject\vendor\stb\stb_image.h(7022): warning C26451: Arithmetic overflow: Using operator '*' on a 4 byte value and then casting the result to a 8 byte value. Cast the value to the wider type before calling operator '*' to avoid overflow (io.2).
D:\Working\AgainMinecraftProject\AgainMinecraftProject\vendor\stb\stb_image.h(7047): warning C6262: Function uses '34980' bytes of stack.  Consider moving some data to heap.
D:\Working\AgainMinecraftProject\AgainMinecraftProject\vendor\stb\stb_image.h(7222): warning C26451: Arithmetic overflow: Using operator '*' on a 4 byte value and then casting the result to a 8 byte value. Cast the value to the wider type before calling operator '*' to avoid overflow (io.2).
D:\Working\AgainMinecraftProject\AgainMinecraftProject\vendor\stb\stb_image.h(7222): warning C26451: Arithmetic overflow: Using operator '*' on a 4 byte value and then casting the result to a 8 byte value. Cast the value to the wider type before calling operator '*' to avoid overflow (io.2).
D:\Working\AgainMinecraftProject\AgainMinecraftProject\vendor\stb\stb_image.h(7222): warning C26451: Arithmetic overflow: Using operator '*' on a 4 byte value and then casting the result to a 8 byte value. Cast the value to the wider type before calling operator '*' to avoid overflow (io.2).
D:\Working\AgainMinecraftProject\AgainMinecraftProject\vendor\stb\stb_image.h(7279): warning C26451: Arithmetic overflow: Using operator '*' on a 4 byte value and then casting the result to a 8 byte value. Cast the value to the wider type before calling operator '*' to avoid overflow (io.2).
D:\Working\AgainMinecraftProject\AgainMinecraftProject\vendor\stb\stb_image.h(7279): warning C26451: Arithmetic overflow: Using operator '+' on a 4 byte value and then casting the result to a 8 byte value. Cast the value to the wider type before calling operator '+' to avoid overflow (io.2).
D:\Working\AgainMinecraftProject\AgainMinecraftProject\vendor\stb\stb_image.h(7279): warning C26451: Arithmetic overflow: Using operator '*' on a 4 byte value and then casting the result to a 8 byte value. Cast the value to the wider type before calling operator '*' to avoid overflow (io.2).
D:\Working\AgainMinecraftProject\AgainMinecraftProject\vendor\stb\stb_image.h(7279): warning C26451: Arithmetic overflow: Using operator '*' on a 4 byte value and then casting the result to a 8 byte value. Cast the value to the wider type before calling operator '*' to avoid overflow (io.2).
D:\Working\AgainMinecraftProject\AgainMinecraftProject\src\engine\renderer\mesh.h(25): warning C26495: Variable 'Engine::Renderer::Mesh::VBO' is uninitialized. Always initialize a member variable (type.6).
D:\Working\AgainMinecraftProject\AgainMinecraftProject\src\modules\chunk\chunk.h(27): warning C26495: Variable 'GameModule::Chunk::pos' is uninitialized. Always initialize a member variable (type.6).
D:\Working\AgainMinecraftProject\AgainMinecraftProject\src\modules\chunk\chunk.cpp(201): warning C26451: Arithmetic overflow: Using operator '+' on a 4 byte value and then casting the result to a 8 byte value. Cast the value to the wider type before calling operator '+' to avoid overflow (io.2).
D:\Working\AgainMinecraftProject\AgainMinecraftProject\src\modules\chunk\chunk.cpp(201): warning C26451: Arithmetic overflow: Using operator '*' on a 4 byte value and then casting the result to a 8 byte value. Cast the value to the wider type before calling operator '*' to avoid overflow (io.2).
D:\Working\AgainMinecraftProject\AgainMinecraftProject\src\modules\world\world.cpp(27): warning C26451: Arithmetic overflow: Using operator '*' on a 4 byte value and then casting the result to a 8 byte value. Cast the value to the wider type before calling operator '*' to avoid overflow (io.2).
D:\Working\AgainMinecraftProject\AgainMinecraftProject\src\modules\world\world.cpp(27): warning C26451: Arithmetic overflow: Using operator '*' on a 4 byte value and then casting the result to a 8 byte value. Cast the value to the wider type before calling operator '*' to avoid overflow (io.2).
D:\Working\AgainMinecraftProject\AgainMinecraftProject\src\modules\world\world.cpp(29): warning C26451: Arithmetic overflow: Using operator '*' on a 4 byte value and then casting the result to a 8 byte value. Cast the value to the wider type before calling operator '*' to avoid overflow (io.2).
